<?xml version="1.0" encoding="utf-8" standalone="no"?>
<!--This file represents the results of running a test suite-->
<test-results name="C:\Users\Jeremy\Documents\Visual Studio 2010\Projects\MonSuperRobot\MonSuperRobotTest\bin\Debug\MonSuperRobotTest.dll" total="2" errors="0" failures="0" not-run="0" inconclusive="0" ignored="0" skipped="0" invalid="0" date="2011-03-28" time="22:20:45">
  <environment nunit-version="2.5.9.10348" clr-version="2.0.50727.5420" os-version="Microsoft Windows NT 6.1.7601 Service Pack 1" platform="Win32NT" cwd="C:\Program Files (x86)\NUnit 2.5.9\bin\net-2.0" machine-name="JEREMY-PC" user="Jeremy" user-domain="Jeremy-PC" />
  <culture-info current-culture="en-CA" current-uiculture="en-US" />
  <test-suite type="Assembly" name="C:\Users\Jeremy\Documents\Visual Studio 2010\Projects\MonSuperRobot\MonSuperRobotTest\bin\Debug\MonSuperRobotTest.dll" executed="True" result="Success" success="True" time="0.012" asserts="0">
    <results>
      <test-suite type="Namespace" name="MonSuperRobotTest" executed="True" result="Success" success="True" time="0.010" asserts="0">
        <results>
          <test-suite type="TestFixture" name="GivenMyRobot" executed="True" result="Success" success="True" time="0.007" asserts="0">
            <results>
              <test-case name="MonSuperRobotTest.GivenMyRobot.When_my_robot_choose_a_direction_it_should_change_the_current_Position" executed="True" result="Success" success="True" time="0.000" asserts="1" />
              <test-case name="MonSuperRobotTest.GivenMyRobot.When_my_robot_is_hit_Then_it_should_change_its_direction_to_the_opposite" executed="True" result="Success" success="True" time="0.000" asserts="1" />
            </results>
          </test-suite>
        </results>
      </test-suite>
    </results>
  </test-suite>
</test-results>