<?xml version="1.0" encoding="utf-8" standalone="no"?>
<!--This file represents the results of running a test suite-->
<test-results name="C:\Users\Jeremy\Documents\Visual Studio 2010\Projects\MonSuperRobot\MonSuperRobotTest\bin\Debug\MonSuperRobotTest.dll" total="1" errors="0" failures="1" not-run="0" inconclusive="0" ignored="0" skipped="0" invalid="0" date="2011-03-30" time="20:17:26">
  <environment nunit-version="2.5.9.10348" clr-version="2.0.50727.5420" os-version="Microsoft Windows NT 6.1.7601 Service Pack 1" platform="Win32NT" cwd="C:\Windows\system32" machine-name="JEREMY-PC" user="Jeremy" user-domain="Jeremy-PC" />
  <culture-info current-culture="en-CA" current-uiculture="en-US" />
  <test-suite type="Assembly" name="C:\Users\Jeremy\Documents\Visual Studio 2010\Projects\MonSuperRobot\MonSuperRobotTest\bin\Debug\MonSuperRobotTest.dll" executed="True" result="Failure" success="False" time="0.307" asserts="0">
    <results>
      <test-suite type="Namespace" name="MonSuperRobotTest" executed="True" result="Failure" success="False" time="0.291" asserts="0">
        <results>
          <test-suite type="TestFixture" name="GivenMyRobot" executed="True" result="Failure" success="False" time="0.143" asserts="0">
            <results>
              <test-case name="MonSuperRobotTest.GivenMyRobot.When_my_robot_choose_a_direction_and_the_current_position_is_east_Then_the_next_position_should_be_south" executed="True" result="Failure" success="False" time="0.123" asserts="1">
                <failure>
                  <message><![CDATA[  Expected: 0.0d
  But was:  90.0d
]]></message>
                  <stack-trace><![CDATA[at MonSuperRobotTest.GivenMyRobot.When_my_robot_choose_a_direction_and_the_current_position_is_east_Then_the_next_position_should_be_south() in C:\dev\jfabre-TDD-workshop-baafed4\MonSuperRobotTest\MyRobotTest.cs:line 46
]]></stack-trace>
                </failure>
              </test-case>
            </results>
          </test-suite>
        </results>
      </test-suite>
    </results>
  </test-suite>
</test-results>