<?xml version="1.0" encoding="utf-8" standalone="no"?>
<!--This file represents the results of running a test suite-->
<test-results name="C:\Users\Jeremy\Documents\Visual Studio 2010\Projects\MonSuperRobot\MonSuperRobotTest\bin\Release\MonSuperRobotTest.dll" total="1" errors="0" failures="0" not-run="0" inconclusive="0" ignored="0" skipped="0" invalid="0" date="2011-03-30" time="21:26:05">
  <environment nunit-version="2.5.9.10348" clr-version="2.0.50727.5420" os-version="Microsoft Windows NT 6.1.7601 Service Pack 1" platform="Win32NT" cwd="C:\Windows\system32" machine-name="JEREMY-PC" user="Jeremy" user-domain="Jeremy-PC" />
  <culture-info current-culture="en-CA" current-uiculture="en-US" />
  <test-suite type="Assembly" name="C:\Users\Jeremy\Documents\Visual Studio 2010\Projects\MonSuperRobot\MonSuperRobotTest\bin\Release\MonSuperRobotTest.dll" executed="True" result="Success" success="True" time="0.691" asserts="0">
    <results>
      <test-suite type="Namespace" name="MonSuperRobotTest" executed="True" result="Success" success="True" time="0.677" asserts="0">
        <results>
          <test-suite type="TestFixture" name="GivenMyTestableRobot" executed="True" result="Success" success="True" time="0.673" asserts="0">
            <results>
              <test-case name="MonSuperRobotTest.GivenMyTestableRobot.When_my_robot_scans_another_robot_Then_it_should_fire_a_bullet" executed="True" result="Success" success="True" time="0.663" asserts="0" />
            </results>
          </test-suite>
        </results>
      </test-suite>
    </results>
  </test-suite>
</test-results>